#
# There is insufficient memory for the Java Runtime Environment to continue.
# Native memory allocation (malloc) failed to allocate 542544 bytes for Chunk::new
# Possible reasons:
#   The system is out of physical RAM or swap space
#   In 32 bit mode, the process size limit was hit
# Possible solutions:
#   Reduce memory load on the system
#   Increase physical memory or swap space
#   Check if swap backing store is full
#   Use 64 bit Java on a 64 bit OS
#   Decrease Java heap size (-Xmx/-Xms)
#   Decrease number of Java threads
#   Decrease Java thread stack sizes (-Xss)
#   Set larger code cache with -XX:ReservedCodeCacheSize=
# This output file may be truncated or incomplete.
#
#  Out of Memory Error (allocation.cpp:390), pid=5464, tid=0x0000000000001890
#
# JRE version: Java(TM) SE Runtime Environment (8.0_111-b14) (build 1.8.0_111-b14)
# Java VM: Java HotSpot(TM) 64-Bit Server VM (25.111-b14 mixed mode windows-amd64 compressed oops)
# Failed to write core dump. Minidumps are not enabled by default on client versions of Windows
#

---------------  T H R E A D  ---------------

Current thread (0x0000000015a60000):  JavaThread "C2 CompilerThread0" daemon [_thread_in_native, id=6288, stack(0x00000000170c0000,0x00000000171c0000)]

Stack: [0x00000000170c0000,0x00000000171c0000]
[error occurred during error reporting (printing stack bounds), id 0xc0000005]

Native frames: (J=compiled Java code, j=interpreted, Vv=VM code, C=native code)


Current CompileTask:
C2:   3509 1137   !   4       java.net.URL::<init> (543 bytes)


---------------  P R O C E S S  ---------------

Java Threads: ( => current thread )
  0x0000000017c4c000 JavaThread "background-preinit" [_thread_in_native, id=3060, stack(0x00000000185c0000,0x00000000186c0000)]
  0x00000000173eb000 JavaThread "Service Thread" daemon [_thread_blocked, id=8360, stack(0x00000000177c0000,0x00000000178c0000)]
  0x0000000015a6c800 JavaThread "C1 CompilerThread2" daemon [_thread_blocked, id=6272, stack(0x00000000172c0000,0x00000000173c0000)]
  0x0000000015a67000 JavaThread "C2 CompilerThread1" daemon [_thread_blocked, id=8532, stack(0x00000000171c0000,0x00000000172c0000)]
=>0x0000000015a60000 JavaThread "C2 CompilerThread0" daemon [_thread_in_native, id=6288, stack(0x00000000170c0000,0x00000000171c0000)]
  0x0000000015a5e800 JavaThread "Attach Listener" daemon [_thread_blocked, id=8252, stack(0x0000000016fc0000,0x00000000170c0000)]
  0x0000000015a5d000 JavaThread "Signal Dispatcher" daemon [_thread_blocked, id=8956, stack(0x0000000016ec0000,0x0000000016fc0000)]
  0x00000000021ae000 JavaThread "Finalizer" daemon [_thread_blocked, id=9108, stack(0x0000000016ce0000,0x0000000016de0000)]
  0x00000000021a3000 JavaThread "Reference Handler" daemon [_thread_blocked, id=8456, stack(0x0000000016be0000,0x0000000016ce0000)]
  0x00000000020b4000 JavaThread "main" [_thread_in_vm, id=7580, stack(0x0000000001fb0000,0x00000000020b0000)]

Other Threads:
  0x0000000015a27000 VMThread [stack: 0x0000000016ae0000,0x0000000016be0000] [id=5344]
  0x000000001740f800 WatcherThread [stack: 0x00000000178c0000,0x00000000179c0000] [id=8476]

VM state:not at safepoint (normal execution)

VM Mutex/Monitor currently owned by a thread: None

Heap:
 PSYoungGen      total 28672K, used 28293K [0x00000000e0780000, 0x00000000e2780000, 0x0000000100000000)
  eden space 24576K, 98% used [0x00000000e0780000,0x00000000e1f27dd8,0x00000000e1f80000)
  from space 4096K, 99% used [0x00000000e2380000,0x00000000e27799d8,0x00000000e2780000)
  to   space 4096K, 0% used [0x00000000e1f80000,0x00000000e1f80000,0x00000000e2380000)
 ParOldGen       total 65536K, used 996K [0x00000000a1600000, 0x00000000a5600000, 0x00000000e0780000)
  object space 65536K, 1% used [0x00000000a1600000,0x00000000a16f9338,0x00000000a5600000)
 Metaspace       used 15634K, capacity 16144K, committed 16384K, reserved 1064960K
  class space    used 2074K, capacity 2219K, committed 2304K, reserved 1048576K

Card table byte_map: [0x0000000011570000,0x0000000011870000] byte_map_base: 0x0000000011065000

Marking Bits: (ParMarkBitMap*) 0x000000006520a6c0
 Begin Bits: [0x0000000011e70000, 0x0000000013618000)
 End Bits:   [0x0000000013618000, 0x0000000014dc0000)

Polling page: 0x0000000001e60000

CodeCache: size=245760Kb used=4082Kb max_used=4094Kb free=241677Kb
 bounds [0x00000000021b0000, 0x00000000025c0000, 0x00000000111b0000]
 total_blobs=1597 nmethods=1263 adapters=247
 compilation: enabled

Compilation events (10 events):
Event: 3.431 Thread 0x0000000015a6c800 1255       3       java.lang.invoke.LambdaForm$BMH/1769597131::reinvoke (25 bytes)
Event: 3.432 Thread 0x0000000015a6c800 nmethod 1255 0x00000000025aa410 code [0x00000000025aa5a0, 0x00000000025aab98]
Event: 3.432 Thread 0x0000000015a6c800 1256       3       java.lang.invoke.MethodHandleImpl::castReference (20 bytes)
Event: 3.432 Thread 0x0000000015a6c800 nmethod 1256 0x00000000025aacd0 code [0x00000000025aae40, 0x00000000025ab0e8]
Event: 3.444 Thread 0x0000000015a67000 1257       4       java.lang.String::concat (47 bytes)
Event: 3.457 Thread 0x0000000015a67000 nmethod 1257 0x00000000025ae190 code [0x00000000025ae2e0, 0x00000000025ae678]
Event: 3.473 Thread 0x0000000015a67000 1258       4       java.nio.DirectLongBufferU::put (18 bytes)
Event: 3.475 Thread 0x0000000015a67000 nmethod 1258 0x00000000025ab1d0 code [0x00000000025ab300, 0x00000000025ab398]
Event: 3.483 Thread 0x0000000015a6c800 1259       3       java.lang.invoke.MethodHandles$Lookup::<init> (15 bytes)
Event: 3.484 Thread 0x0000000015a6c800 nmethod 1259 0x00000000025addd0 code [0x00000000025adf20, 0x00000000025ae0f0]

GC Heap History (4 events):
Event: 2.257 GC heap before
{Heap before GC invocations=1 (full 0):
 PSYoungGen      total 28672K, used 24576K [0x00000000e0780000, 0x00000000e2780000, 0x0000000100000000)
  eden space 24576K, 100% used [0x00000000e0780000,0x00000000e1f80000,0x00000000e1f80000)
  from space 4096K, 0% used [0x00000000e2380000,0x00000000e2380000,0x00000000e2780000)
  to   space 4096K, 0% used [0x00000000e1f80000,0x00000000e1f80000,0x00000000e2380000)
 ParOldGen       total 65536K, used 0K [0x00000000a1600000, 0x00000000a5600000, 0x00000000e0780000)
  object space 65536K, 0% used [0x00000000a1600000,0x00000000a1600000,0x00000000a5600000)
 Metaspace       used 8958K, capacity 9198K, committed 9472K, reserved 1056768K
  class space    used 1096K, capacity 1193K, committed 1280K, reserved 1048576K
Event: 2.268 GC heap after
Heap after GC invocations=1 (full 0):
 PSYoungGen      total 28672K, used 4081K [0x00000000e0780000, 0x00000000e2780000, 0x0000000100000000)
  eden space 24576K, 0% used [0x00000000e0780000,0x00000000e0780000,0x00000000e1f80000)
  from space 4096K, 99% used [0x00000000e1f80000,0x00000000e237c708,0x00000000e2380000)
  to   space 4096K, 0% used [0x00000000e2380000,0x00000000e2380000,0x00000000e2780000)
 ParOldGen       total 65536K, used 45K [0x00000000a1600000, 0x00000000a5600000, 0x00000000e0780000)
  object space 65536K, 0% used [0x00000000a1600000,0x00000000a160b420,0x00000000a5600000)
 Metaspace       used 8958K, capacity 9198K, committed 9472K, reserved 1056768K
  class space    used 1096K, capacity 1193K, committed 1280K, reserved 1048576K
}
Event: 2.835 GC heap before
{Heap before GC invocations=2 (full 0):
 PSYoungGen      total 28672K, used 28657K [0x00000000e0780000, 0x00000000e2780000, 0x0000000100000000)
  eden space 24576K, 100% used [0x00000000e0780000,0x00000000e1f80000,0x00000000e1f80000)
  from space 4096K, 99% used [0x00000000e1f80000,0x00000000e237c708,0x00000000e2380000)
  to   space 4096K, 0% used [0x00000000e2380000,0x00000000e2380000,0x00000000e2780000)
 ParOldGen       total 65536K, used 45K [0x00000000a1600000, 0x00000000a5600000, 0x00000000e0780000)
  object space 65536K, 0% used [0x00000000a1600000,0x00000000a160b420,0x00000000a5600000)
 Metaspace       used 12510K, capacity 12896K, committed 13056K, reserved 1060864K
  class space    used 1635K, capacity 1743K, committed 1792K, reserved 1048576K
Event: 2.850 GC heap after
Heap after GC invocations=2 (full 0):
 PSYoungGen      total 28672K, used 4070K [0x00000000e0780000, 0x00000000e2780000, 0x0000000100000000)
  eden space 24576K, 0% used [0x00000000e0780000,0x00000000e0780000,0x00000000e1f80000)
  from space 4096K, 99% used [0x00000000e2380000,0x00000000e27799d8,0x00000000e2780000)
  to   space 4096K, 0% used [0x00000000e1f80000,0x00000000e1f80000,0x00000000e2380000)
 ParOldGen       total 65536K, used 996K [0x00000000a1600000, 0x00000000a5600000, 0x00000000e0780000)
  object space 65536K, 1% used [0x00000000a1600000,0x00000000a16f9338,0x00000000a5600000)
 Metaspace       used 12510K, capacity 12896K, committed 13056K, reserved 1060864K
  class space    used 1635K, capacity 1743K, committed 1792K, reserved 1048576K
}

Deoptimization events (7 events):
Event: 2.031 Thread 0x00000000020b4000 Uncommon trap: reason=unstable_if action=reinterpret pc=0x000000000235779c method=java.lang.String.indexOf([CII[CIII)I @ 3
Event: 2.087 Thread 0x0000000017c4c000 Uncommon trap: reason=range_check action=make_not_entrant pc=0x000000000243e3e0 method=sun.reflect.generics.parser.SignatureParser.current()C @ 34
Event: 2.531 Thread 0x0000000017c4c000 Uncommon trap: reason=unstable_if action=reinterpret pc=0x000000000235ef7c method=sun.misc.MetaIndex.mayContain(Ljava/lang/String;)Z @ 38
Event: 3.075 Thread 0x00000000020b4000 Uncommon trap: reason=unstable_if action=reinterpret pc=0x0000000002434874 method=java.util.HashMap.hash(Ljava/lang/Object;)I @ 1
Event: 3.224 Thread 0x0000000017c4c000 Uncommon trap: reason=class_check action=maybe_recompile pc=0x000000000254dd64 method=java.util.HashMap.putVal(ILjava/lang/Object;Ljava/lang/Object;ZZ)Ljava/lang/Object; @ 203
Event: 3.255 Thread 0x0000000017c4c000 Uncommon trap: reason=class_check action=maybe_recompile pc=0x000000000254dd64 method=java.util.HashMap.putVal(ILjava/lang/Object;Ljava/lang/Object;ZZ)Ljava/lang/Object; @ 203
Event: 3.261 Thread 0x0000000017c4c000 Uncommon trap: reason=class_check action=maybe_recompile pc=0x000000000254dd64 method=java.util.HashMap.putVal(ILjava/lang/Object;Ljava/lang/Object;ZZ)Ljava/lang/Object; @ 203

Internal exceptions (10 events):
Event: 2.093 Thread 0x0000000017c4c000 Exception <a 'java/lang/ArrayIndexOutOfBoundsException': 60> (0x00000000e1a5d748) thrown at [C:\re\workspace\8-2-build-windows-amd64-cygwin\jdk8u111\7883\hotspot\src\share\vm\interpreter\interpreterRuntime.cpp, line 366]
Event: 2.096 Thread 0x00000000020b4000 Exception <a 'java/io/FileNotFoundException'> (0x00000000e19eaa00) thrown at [C:\re\workspace\8-2-build-windows-amd64-cygwin\jdk8u111\7883\hotspot\src\share\vm\prims\jni.cpp, line 709]
Event: 2.435 Thread 0x00000000020b4000 Exception <a 'java/lang/NoSuchMethodError': java.lang.Object.lambda$identity$2(Ljava/lang/Object;)Ljava/lang/Object;> (0x00000000e0d0f3c8) thrown at [C:\re\workspace\8-2-build-windows-amd64-cygwin\jdk8u111\7883\hotspot\src\share\vm\interpreter\linkResolve
Event: 2.442 Thread 0x00000000020b4000 Exception <a 'java/lang/NoSuchMethodError': java.lang.Object.lambda$static$0(CI)C> (0x00000000e0dd5078) thrown at [C:\re\workspace\8-2-build-windows-amd64-cygwin\jdk8u111\7883\hotspot\src\share\vm\interpreter\linkResolver.cpp, line 582]
Event: 2.443 Thread 0x00000000020b4000 Exception <a 'java/lang/NoSuchMethodError': java.lang.Object.lambda$static$1(CI)C> (0x00000000e0dd7ae0) thrown at [C:\re\workspace\8-2-build-windows-amd64-cygwin\jdk8u111\7883\hotspot\src\share\vm\interpreter\linkResolver.cpp, line 582]
Event: 2.530 Thread 0x00000000020b4000 Exception <a 'java/lang/NoSuchMethodError': java.lang.Object.lambda$chars$0()Ljava/util/Spliterator$OfInt;> (0x00000000e1177760) thrown at [C:\re\workspace\8-2-build-windows-amd64-cygwin\jdk8u111\7883\hotspot\src\share\vm\interpreter\linkResolver.cpp, lin
Event: 2.692 Thread 0x0000000017c4c000 Exception <a 'java/lang/NoSuchMethodError': java.lang.Object.forClass(Ljava/lang/Class;)Lorg/hibernate/validator/internal/engine/constraintvalidation/ConstraintValidatorDescriptor;> (0x00000000e170fd88) thrown at [C:\re\workspace\8-2-build-windows-amd64-c
Event: 3.008 Thread 0x00000000020b4000 Exception <a 'java/lang/NoClassDefFoundError': org/springframework/jdbc/CannotGetJdbcConnectionException> (0x00000000e104cfd8) thrown at [C:\re\workspace\8-2-build-windows-amd64-cygwin\jdk8u111\7883\hotspot\src\share\vm\classfile\systemDictionary.cpp, lin
Event: 3.070 Thread 0x00000000020b4000 Exception <a 'java/lang/NoSuchMethodError': org.slf4j.impl.StaticMDCBinder.getSingleton()Lorg/slf4j/impl/StaticMDCBinder;> (0x00000000e1343f88) thrown at [C:\re\workspace\8-2-build-windows-amd64-cygwin\jdk8u111\7883\hotspot\src\share\vm\interpreter\linkRe
Event: 3.075 Thread 0x00000000020b4000 Implicit null exception at 0x0000000002434695 to 0x0000000002434865

Events (10 events):
Event: 3.480 loading class com/fasterxml/jackson/databind/util/StdDateFormat
Event: 3.480 loading class com/fasterxml/jackson/databind/util/StdDateFormat done
Event: 3.480 loading class org/springframework/core/io/support/ResourceArrayPropertyEditor
Event: 3.480 loading class org/springframework/core/io/support/ResourceArrayPropertyEditor done
Event: 3.483 loading class org/springframework/beans/factory/support/RootBeanDefinition
Event: 3.483 loading class org/springframework/beans/factory/support/RootBeanDefinition done
Event: 3.483 loading class org/springframework/beans/factory/support/AbstractAutowireCapableBeanFactory
Event: 3.483 loading class org/springframework/beans/factory/support/AbstractAutowireCapableBeanFactory done
Event: 3.484 loading class com/fasterxml/jackson/databind/Module$SetupContext
Event: 3.485 loading class com/fasterxml/jackson/databind/Module$SetupContext done


Dynamic libraries:
0x00007ff6f6b40000 - 0x00007ff6f6b77000 	C:\Program Files\Java\jre1.8.0_111\bin\javaw.exe
0x00007ffdfebd0000 - 0x00007ffdfed79000 	C:\Windows\SYSTEM32\ntdll.dll
0x00007ffdfcaf0000 - 0x00007ffdfcc2a000 	C:\Windows\system32\KERNEL32.DLL
0x00007ffdf0b50000 - 0x00007ffdf0b84000 	C:\Program Files\AVAST Software\Avast\x64\aswhooka.dll
0x00007ffdfc020000 - 0x00007ffdfc12f000 	C:\Windows\system32\KERNELBASE.dll
0x00007ffdfeb20000 - 0x00007ffdfebc5000 	C:\Windows\system32\ADVAPI32.dll
0x00007ffdfd010000 - 0x00007ffdfd181000 	C:\Windows\system32\USER32.dll
0x00007ffdf9fc0000 - 0x00007ffdfa21a000 	C:\Windows\WinSxS\amd64_microsoft.windows.common-controls_6595b64144ccf1df_6.0.9600.16384_none_62475f7becb72503\COMCTL32.dll
0x00007ffdfccf0000 - 0x00007ffdfcd97000 	C:\Windows\system32\msvcrt.dll
0x00007ffdfc610000 - 0x00007ffdfc667000 	C:\Windows\SYSTEM32\sechost.dll
0x00007ffdfd190000 - 0x00007ffdfd2c6000 	C:\Windows\system32\RPCRT4.dll
0x00007ffdfc4a0000 - 0x00007ffdfc5e5000 	C:\Windows\system32\GDI32.dll
0x00007ffdfc460000 - 0x00007ffdfc494000 	C:\Windows\system32\IMM32.DLL
0x00007ffdfcda0000 - 0x00007ffdfced9000 	C:\Windows\system32\MSCTF.dll
0x0000000065290000 - 0x0000000065362000 	C:\Program Files\Java\jre1.8.0_111\bin\msvcr100.dll
0x00000000649f0000 - 0x000000006528a000 	C:\Program Files\Java\jre1.8.0_111\bin\server\jvm.dll
0x00007ffdf5330000 - 0x00007ffdf5339000 	C:\Windows\SYSTEM32\WSOCK32.dll
0x00007ffdf54a0000 - 0x00007ffdf54bf000 	C:\Windows\SYSTEM32\WINMM.dll
0x00007ffdf5f90000 - 0x00007ffdf5f9a000 	C:\Windows\SYSTEM32\VERSION.dll
0x00007ffdfc670000 - 0x00007ffdfc677000 	C:\Windows\system32\PSAPI.DLL
0x00007ffdfeac0000 - 0x00007ffdfeb18000 	C:\Windows\system32\WS2_32.dll
0x00007ffdf5470000 - 0x00007ffdf549a000 	C:\Windows\SYSTEM32\WINMMBASE.dll
0x00007ffdfcf40000 - 0x00007ffdfcf49000 	C:\Windows\system32\NSI.dll
0x00007ffdfc1e0000 - 0x00007ffdfc22a000 	C:\Windows\SYSTEM32\cfgmgr32.dll
0x00007ffdfade0000 - 0x00007ffdfae06000 	C:\Windows\SYSTEM32\DEVOBJ.dll
0x00000000649e0000 - 0x00000000649ef000 	C:\Program Files\Java\jre1.8.0_111\bin\verify.dll
0x00000000649b0000 - 0x00000000649d9000 	C:\Program Files\Java\jre1.8.0_111\bin\java.dll
0x0000000064540000 - 0x0000000064556000 	C:\Program Files\Java\jre1.8.0_111\bin\zip.dll
0x00007ffdfd2d0000 - 0x00007ffdfe6de000 	C:\Windows\system32\SHELL32.dll
0x00007ffdfe8e0000 - 0x00007ffdfeab7000 	C:\Windows\SYSTEM32\combase.dll
0x00007ffdfcee0000 - 0x00007ffdfcf31000 	C:\Windows\system32\SHLWAPI.dll
0x00007ffdfa600000 - 0x00007ffdfa6a1000 	C:\Windows\SYSTEM32\SHCORE.dll
0x00007ffdfbf50000 - 0x00007ffdfbf64000 	C:\Windows\SYSTEM32\profapi.dll
0x0000000064160000 - 0x000000006416d000 	C:\Program Files\Java\jre1.8.0_111\bin\management.dll
0x0000000064520000 - 0x000000006453a000 	C:\Program Files\Java\jre1.8.0_111\bin\net.dll
0x00007ffdfb7b0000 - 0x00007ffdfb808000 	C:\Windows\system32\mswsock.dll
0x00007ffdea0c0000 - 0x00007ffdea0d4000 	C:\Windows\system32\napinsp.dll
0x00007ffdea0a0000 - 0x00007ffdea0b9000 	C:\Windows\system32\pnrpnsp.dll
0x00007ffdf8380000 - 0x00007ffdf8399000 	C:\Windows\system32\NLAapi.dll
0x00007ffdfb5c0000 - 0x00007ffdfb663000 	C:\Windows\SYSTEM32\DNSAPI.dll
0x00007ffdea090000 - 0x00007ffdea09c000 	C:\Windows\System32\winrnr.dll
0x0000000067200000 - 0x0000000067226000 	C:\Program Files\Bonjour\mdnsNSP.dll
0x00007ffdf7d50000 - 0x00007ffdf7d79000 	C:\Windows\SYSTEM32\Iphlpapi.DLL
0x00007ffdf7d20000 - 0x00007ffdf7d2a000 	C:\Windows\SYSTEM32\WINNSI.DLL
0x00007ffdeacb0000 - 0x00007ffdeacb9000 	C:\Windows\System32\rasadhlp.dll
0x00007ffdf79a0000 - 0x00007ffdf7a07000 	C:\Windows\System32\fwpuclnt.dll

VM Arguments:
jvm_args: -Dfile.encoding=Cp1252 
java_command: com.org.study.CaseStudyAppication
java_class_path (initial): C:\Program Files\Java\jre1.8.0_111\lib\resources.jar;C:\Program Files\Java\jre1.8.0_111\lib\rt.jar;C:\Program Files\Java\jre1.8.0_111\lib\jsse.jar;C:\Program Files\Java\jre1.8.0_111\lib\jce.jar;C:\Program Files\Java\jre1.8.0_111\lib\charsets.jar;C:\Program Files\Java\jre1.8.0_111\lib\jfr.jar;C:\Program Files\Java\jre1.8.0_111\lib\ext\access-bridge-64.jar;C:\Program Files\Java\jre1.8.0_111\lib\ext\cldrdata.jar;C:\Program Files\Java\jre1.8.0_111\lib\ext\dnsns.jar;C:\Program Files\Java\jre1.8.0_111\lib\ext\dns_sd.jar;C:\Program Files\Java\jre1.8.0_111\lib\ext\jaccess.jar;C:\Program Files\Java\jre1.8.0_111\lib\ext\jfxrt.jar;C:\Program Files\Java\jre1.8.0_111\lib\ext\localedata.jar;C:\Program Files\Java\jre1.8.0_111\lib\ext\nashorn.jar;C:\Program Files\Java\jre1.8.0_111\lib\ext\sunec.jar;C:\Program Files\Java\jre1.8.0_111\lib\ext\sunjce_provider.jar;C:\Program Files\Java\jre1.8.0_111\lib\ext\sunmscapi.jar;C:\Program Files\Java\jre1.8.0_111\lib\ext\sunpkcs11.jar;C:\Program Files\Java\jre1.8.0_111\lib\ext\zipfs.jar;D:\Madhan\A-Work\GCPS\projects\case\bin\main;C:\Users\Shanmuga\.gradle\caches\modules-2\files-2.1\org.springframework.boot\spring-boot-starter-web\2.0.0.RELEASE\fcb2a9e18f98382e626935841f85ed44d7153615\spring-boot-starter-web-2.0.0.RELEASE.jar;C:\Users\Shanmuga\.gradle\caches\modules-2\files-2.1\org.springframework.data\spring-data-mongodb\2.0.5.RELEASE\afe7102594867bae9be8d07cc0a900876f301bc0\spring-data-mongodb-2.0.5.RELEASE.jar;C:\Users\Shanmuga\.gradle\caches\modules-2\files-2.1\org.springframework.boot\spring-boot-starter-json\2.0.0.RELEASE\5a09c939d8bd60d7f163c1c0c20a3127ba9fffa\spring-boot-starter-json-2.0.0.RELEASE.jar;C:\Users\Shanmuga\.gradle\caches\modules-2\files-2.1\org.springframework.boot\spring-boot-starter\2.0.0.RELEASE\6d7d8e4bf053cd1833f3c7dbce676bc274f0892f\spring-boot-starter-2.0.0.RELEASE.jar;C:\Users\Shanmuga\.gradle\caches\modules-2\files-2.1\org.springframework.boot\spring-boot-starter-tomcat\2.0.0.RELEASE\90
Launcher Type: SUN_STANDARD

Environment Variables:
JAVA_HOME=C:\Program Files\Java\jdk1.8
PATH=C:\ProgramData\Oracle\Java\javapath;C:\Windows\system32;C:\Windows;C:\Windows\System32\Wbem;C:\Windows\System32\WindowsPowerShell\v1.0\;C:\Program Files (x86)\Intel\OpenCL SDK\2.0\bin\x86;C:\Program Files (x86)\Intel\OpenCL SDK\2.0\bin\x64;C:\Program Files (x86)\Common Files\lenovo\easyplussdk\bin;C:\Program Files\TortoiseSVN\bin;C:\Program Files\Java\jdk7\bin;C:\Program Files\Java\jre7\bin;C:\Program Files (x86)\Microsoft SQL Server\100\Tools\Binn\;C:\Program Files\Microsoft SQL Server\100\Tools\Binn\;C:\Program Files\Microsoft SQL Server\100\DTS\Binn\;C:\Program Files (x86)\Common Files\Apple\Internet Services\;C:\Program Files\Java\jdk1.8\bin;D:\Madhan\A-Work\App needs\apps\apache-maven-3.5.2-bin\apache-maven-3.5.2\bin;C:\Program Files\MongoDB\Server\3.6\bin
USERNAME=Shanmuga
OS=Windows_NT
PROCESSOR_IDENTIFIER=Intel64 Family 6 Model 42 Stepping 7, GenuineIntel



---------------  S Y S T E M  ---------------

OS: Windows 8.1 , 64 bit Build 9600 (6.3.9600.16384)

CPU:total 4 (2 cores per cpu, 2 threads per core) family 6 model 42 stepping 7, cmov, cx8, fxsr, mmx, sse, sse2, sse3, ssse3, sse4.1, sse4.2, popcnt, avx, clmul, ht, tsc, tscinvbit

Memory: 4k page, physical 6197524k(1034716k free), swap 10564372k(5316k free)

vm_info: Java HotSpot(TM) 64-Bit Server VM (25.111-b14) for windows-amd64 JRE (1.8.0_111-b14), built on Sep 22 2016 19:24:05 by "java_re" with MS VC++ 10.0 (VS2010)

time: Sat Mar 10 15:31:21 2018
elapsed time: 3 seconds (0d 0h 0m 3s)

