#
# There is insufficient memory for the Java Runtime Environment to continue.
# Native memory allocation (malloc) failed to allocate 1048576 bytes for AllocateHeap
# Possible reasons:
#   The system is out of physical RAM or swap space
#   In 32 bit mode, the process size limit was hit
# Possible solutions:
#   Reduce memory load on the system
#   Increase physical memory or swap space
#   Check if swap backing store is full
#   Use 64 bit Java on a 64 bit OS
#   Decrease Java heap size (-Xmx/-Xms)
#   Decrease number of Java threads
#   Decrease Java thread stack sizes (-Xss)
#   Set larger code cache with -XX:ReservedCodeCacheSize=
# This output file may be truncated or incomplete.
#
#  Out of Memory Error (memory/allocation.inline.hpp:61), pid=5480, tid=0x0000000000002098
#
# JRE version:  (8.0_111-b14) (build )
# Java VM: Java HotSpot(TM) 64-Bit Server VM (25.111-b14 mixed mode windows-amd64 compressed oops)
# Failed to write core dump. Minidumps are not enabled by default on client versions of Windows
#

---------------  T H R E A D  ---------------

Current thread (0x0000000002224000):  JavaThread "Unknown thread" [_thread_in_vm, id=8344, stack(0x00000000020c0000,0x00000000021c0000)]

Stack: [0x00000000020c0000,0x00000000021c0000]
[error occurred during error reporting (printing stack bounds), id 0xc0000005]

Native frames: (J=compiled Java code, j=interpreted, Vv=VM code, C=native code)


---------------  P R O C E S S  ---------------

Java Threads: ( => current thread )

Other Threads:

=>0x0000000002224000 (exited) JavaThread "Unknown thread" [_thread_in_vm, id=8344, stack(0x00000000020c0000,0x00000000021c0000)]

VM state:not at safepoint (normal execution)

VM Mutex/Monitor currently owned by a thread: None

Heap:
 PSYoungGen      total 28672K, used 491K [0x00000000e0780000, 0x00000000e2780000, 0x0000000100000000)
  eden space 24576K, 2% used [0x00000000e0780000,0x00000000e07fae20,0x00000000e1f80000)
  from space 4096K, 0% used [0x00000000e2380000,0x00000000e2380000,0x00000000e2780000)
  to   space 4096K, 0% used [0x00000000e1f80000,0x00000000e1f80000,0x00000000e2380000)
 ParOldGen       total 65536K, used 0K [0x00000000a1600000, 0x00000000a5600000, 0x00000000e0780000)
  object space 65536K, 0% used [0x00000000a1600000,0x00000000a1600000,0x00000000a5600000)
 Metaspace       used 746K, capacity 4480K, committed 4480K, reserved 1056768K
  class space    used 75K, capacity 384K, committed 384K, reserved 1048576K

Card table byte_map: [0x00000000116e0000,0x00000000119e0000] byte_map_base: 0x00000000111d5000

Marking Bits: (ParMarkBitMap*) 0x000000006520a6c0
 Begin Bits: [0x0000000011fe0000, 0x0000000013788000)
 End Bits:   [0x0000000013788000, 0x0000000014f30000)

Polling page: 0x0000000000860000

CodeCache: size=245760Kb used=328Kb max_used=328Kb free=245431Kb
 bounds [0x0000000002320000, 0x0000000002590000, 0x0000000011320000]
 total_blobs=58 nmethods=0 adapters=38
 compilation: enabled

Compilation events (0 events):
No events

GC Heap History (0 events):
No events

Deoptimization events (0 events):
No events

Internal exceptions (0 events):
No events

Events (10 events):
Event: 0.103 loading class java/lang/Short
Event: 0.103 loading class java/lang/Short done
Event: 0.103 loading class java/lang/Integer
Event: 0.104 loading class java/lang/Integer done
Event: 0.104 loading class java/lang/Long
Event: 0.105 loading class java/lang/Long done
Event: 0.108 loading class java/lang/NullPointerException
Event: 0.108 loading class java/lang/NullPointerException done
Event: 0.108 loading class java/lang/ArithmeticException
Event: 0.108 loading class java/lang/ArithmeticException done


Dynamic libraries:
0x00007ff6f6b40000 - 0x00007ff6f6b77000 	C:\Program Files\Java\jre1.8.0_111\bin\javaw.exe
0x00007ffdfebd0000 - 0x00007ffdfed79000 	C:\Windows\SYSTEM32\ntdll.dll
0x00007ffdfcaf0000 - 0x00007ffdfcc2a000 	C:\Windows\system32\KERNEL32.DLL
0x00007ffdf0b50000 - 0x00007ffdf0b84000 	C:\Program Files\AVAST Software\Avast\x64\aswhooka.dll
0x00007ffdfc020000 - 0x00007ffdfc12f000 	C:\Windows\system32\KERNELBASE.dll
0x00007ffdfeb20000 - 0x00007ffdfebc5000 	C:\Windows\system32\ADVAPI32.dll
0x00007ffdfd010000 - 0x00007ffdfd181000 	C:\Windows\system32\USER32.dll
0x00007ffdf9fc0000 - 0x00007ffdfa21a000 	C:\Windows\WinSxS\amd64_microsoft.windows.common-controls_6595b64144ccf1df_6.0.9600.16384_none_62475f7becb72503\COMCTL32.dll
0x00007ffdfccf0000 - 0x00007ffdfcd97000 	C:\Windows\system32\msvcrt.dll
0x00007ffdfc610000 - 0x00007ffdfc667000 	C:\Windows\SYSTEM32\sechost.dll
0x00007ffdfd190000 - 0x00007ffdfd2c6000 	C:\Windows\system32\RPCRT4.dll
0x00007ffdfc4a0000 - 0x00007ffdfc5e5000 	C:\Windows\system32\GDI32.dll
0x00007ffdfc460000 - 0x00007ffdfc494000 	C:\Windows\system32\IMM32.DLL
0x00007ffdfcda0000 - 0x00007ffdfced9000 	C:\Windows\system32\MSCTF.dll
0x0000000065290000 - 0x0000000065362000 	C:\Program Files\Java\jre1.8.0_111\bin\msvcr100.dll
0x00000000649f0000 - 0x000000006528a000 	C:\Program Files\Java\jre1.8.0_111\bin\server\jvm.dll
0x00007ffdf5330000 - 0x00007ffdf5339000 	C:\Windows\SYSTEM32\WSOCK32.dll
0x00007ffdf54a0000 - 0x00007ffdf54bf000 	C:\Windows\SYSTEM32\WINMM.dll
0x00007ffdf5f90000 - 0x00007ffdf5f9a000 	C:\Windows\SYSTEM32\VERSION.dll
0x00007ffdfc670000 - 0x00007ffdfc677000 	C:\Windows\system32\PSAPI.DLL
0x00007ffdfeac0000 - 0x00007ffdfeb18000 	C:\Windows\system32\WS2_32.dll
0x00007ffdf5470000 - 0x00007ffdf549a000 	C:\Windows\SYSTEM32\WINMMBASE.dll
0x00007ffdfcf40000 - 0x00007ffdfcf49000 	C:\Windows\system32\NSI.dll
0x00007ffdfc1e0000 - 0x00007ffdfc22a000 	C:\Windows\SYSTEM32\cfgmgr32.dll
0x00007ffdfade0000 - 0x00007ffdfae06000 	C:\Windows\SYSTEM32\DEVOBJ.dll
0x00000000649e0000 - 0x00000000649ef000 	C:\Program Files\Java\jre1.8.0_111\bin\verify.dll
0x00000000649b0000 - 0x00000000649d9000 	C:\Program Files\Java\jre1.8.0_111\bin\java.dll
0x0000000064540000 - 0x0000000064556000 	C:\Program Files\Java\jre1.8.0_111\bin\zip.dll

VM Arguments:
jvm_args: -Dfile.encoding=Cp1252 
java_command: com.org.study.CaseStudyAppication
java_class_path (initial): C:\Program Files\Java\jre1.8.0_111\lib\resources.jar;C:\Program Files\Java\jre1.8.0_111\lib\rt.jar;C:\Program Files\Java\jre1.8.0_111\lib\jsse.jar;C:\Program Files\Java\jre1.8.0_111\lib\jce.jar;C:\Program Files\Java\jre1.8.0_111\lib\charsets.jar;C:\Program Files\Java\jre1.8.0_111\lib\jfr.jar;C:\Program Files\Java\jre1.8.0_111\lib\ext\access-bridge-64.jar;C:\Program Files\Java\jre1.8.0_111\lib\ext\cldrdata.jar;C:\Program Files\Java\jre1.8.0_111\lib\ext\dnsns.jar;C:\Program Files\Java\jre1.8.0_111\lib\ext\dns_sd.jar;C:\Program Files\Java\jre1.8.0_111\lib\ext\jaccess.jar;C:\Program Files\Java\jre1.8.0_111\lib\ext\jfxrt.jar;C:\Program Files\Java\jre1.8.0_111\lib\ext\localedata.jar;C:\Program Files\Java\jre1.8.0_111\lib\ext\nashorn.jar;C:\Program Files\Java\jre1.8.0_111\lib\ext\sunec.jar;C:\Program Files\Java\jre1.8.0_111\lib\ext\sunjce_provider.jar;C:\Program Files\Java\jre1.8.0_111\lib\ext\sunmscapi.jar;C:\Program Files\Java\jre1.8.0_111\lib\ext\sunpkcs11.jar;C:\Program Files\Java\jre1.8.0_111\lib\ext\zipfs.jar;D:\Madhan\A-Work\GCPS\projects\case\bin\main;C:\Users\Shanmuga\.gradle\caches\modules-2\files-2.1\org.springframework.boot\spring-boot-starter-web\2.0.0.RELEASE\fcb2a9e18f98382e626935841f85ed44d7153615\spring-boot-starter-web-2.0.0.RELEASE.jar;C:\Users\Shanmuga\.gradle\caches\modules-2\files-2.1\org.springframework.data\spring-data-mongodb\2.0.5.RELEASE\afe7102594867bae9be8d07cc0a900876f301bc0\spring-data-mongodb-2.0.5.RELEASE.jar;C:\Users\Shanmuga\.gradle\caches\modules-2\files-2.1\org.springframework.boot\spring-boot-starter-json\2.0.0.RELEASE\5a09c939d8bd60d7f163c1c0c20a3127ba9fffa\spring-boot-starter-json-2.0.0.RELEASE.jar;C:\Users\Shanmuga\.gradle\caches\modules-2\files-2.1\org.springframework.boot\spring-boot-starter\2.0.0.RELEASE\6d7d8e4bf053cd1833f3c7dbce676bc274f0892f\spring-boot-starter-2.0.0.RELEASE.jar;C:\Users\Shanmuga\.gradle\caches\modules-2\files-2.1\org.springframework.boot\spring-boot-starter-tomcat\2.0.0.RELEASE\90
Launcher Type: SUN_STANDARD

Environment Variables:
JAVA_HOME=C:\Program Files\Java\jdk1.8
PATH=C:\ProgramData\Oracle\Java\javapath;C:\Windows\system32;C:\Windows;C:\Windows\System32\Wbem;C:\Windows\System32\WindowsPowerShell\v1.0\;C:\Program Files (x86)\Intel\OpenCL SDK\2.0\bin\x86;C:\Program Files (x86)\Intel\OpenCL SDK\2.0\bin\x64;C:\Program Files (x86)\Common Files\lenovo\easyplussdk\bin;C:\Program Files\TortoiseSVN\bin;C:\Program Files\Java\jdk7\bin;C:\Program Files\Java\jre7\bin;C:\Program Files (x86)\Microsoft SQL Server\100\Tools\Binn\;C:\Program Files\Microsoft SQL Server\100\Tools\Binn\;C:\Program Files\Microsoft SQL Server\100\DTS\Binn\;C:\Program Files (x86)\Common Files\Apple\Internet Services\;C:\Program Files\Java\jdk1.8\bin;D:\Madhan\A-Work\App needs\apps\apache-maven-3.5.2-bin\apache-maven-3.5.2\bin;C:\Program Files\MongoDB\Server\3.6\bin
USERNAME=Shanmuga
OS=Windows_NT
PROCESSOR_IDENTIFIER=Intel64 Family 6 Model 42 Stepping 7, GenuineIntel



---------------  S Y S T E M  ---------------

OS: Windows 8.1 , 64 bit Build 9600 (6.3.9600.16384)

CPU:total 4 (2 cores per cpu, 2 threads per core) family 6 model 42 stepping 7, cmov, cx8, fxsr, mmx, sse, sse2, sse3, ssse3, sse4.1, sse4.2, popcnt, avx, clmul, ht, tsc, tscinvbit

Memory: 4k page, physical 6197524k(1134592k free), swap 10564372k(5808k free)

vm_info: Java HotSpot(TM) 64-Bit Server VM (25.111-b14) for windows-amd64 JRE (1.8.0_111-b14), built on Sep 22 2016 19:24:05 by "java_re" with MS VC++ 10.0 (VS2010)

time: Sat Mar 10 15:29:47 2018
elapsed time: 0 seconds (0d 0h 0m 0s)

